<?xml version="1.0" encoding="UTF-8" ?>
<testsuite tests="12" failures="0" name="model.db.DbTest" time="0.603" errors="0" skipped="0">
  <properties>
    <property name="java.runtime.name" value="OpenJDK Runtime Environment"/>
    <property name="java.vm.version" value="11.0.6+8-b520.66"/>
    <property name="sun.boot.library.path" value="/home/ignacy/Downloads/idea-IU-193.6911.18/jbr/lib"/>
    <property name="maven.multiModuleProjectDirectory" value="/home/ignacy/IdeaProjects/DITTimer"/>
    <property name="java.vm.vendor" value="JetBrains s.r.o"/>
    <property name="java.vendor.url" value="https://www.jetbrains.com/"/>
    <property name="guice.disable.misplaced.annotation.check" value="true"/>
    <property name="path.separator" value=":"/>
    <property name="java.vm.name" value="OpenJDK 64-Bit Server VM"/>
    <property name="sun.os.patch.level" value="unknown"/>
    <property name="user.country" value="US"/>
    <property name="sun.java.launcher" value="SUN_STANDARD"/>
    <property name="java.vm.specification.name" value="Java Virtual Machine Specification"/>
    <property name="user.dir" value="/home/ignacy/IdeaProjects/DITTimer"/>
    <property name="java.vm.compressedOopsMode" value="Zero based"/>
    <property name="java.runtime.version" value="11.0.6+8-b520.66"/>
    <property name="java.awt.graphicsenv" value="sun.awt.X11GraphicsEnvironment"/>
    <property name="os.arch" value="amd64"/>
    <property name="java.io.tmpdir" value="/tmp"/>
    <property name="line.separator" value="
"/>
    <property name="java.vm.specification.vendor" value="Oracle Corporation"/>
    <property name="os.name" value="Linux"/>
    <property name="maven.ext.class.path" value="/home/ignacy/Downloads/idea-IU-193.6911.18/plugins/maven/lib/maven-event-listener.jar"/>
    <property name="classworlds.conf" value="/home/ignacy/Downloads/idea-IU-193.6911.18/plugins/maven/lib/maven3/bin/m2.conf"/>
    <property name="sun.jnu.encoding" value="UTF-8"/>
    <property name="java.library.path" value="/usr/java/packages/lib:/usr/lib64:/lib64:/lib:/usr/lib"/>
    <property name="maven.conf" value="/home/ignacy/Downloads/idea-IU-193.6911.18/plugins/maven/lib/maven3/conf"/>
    <property name="jdk.debug" value="release"/>
    <property name="java.class.version" value="55.0"/>
    <property name="java.specification.name" value="Java Platform API Specification"/>
    <property name="sun.management.compiler" value="HotSpot 64-Bit Tiered Compilers"/>
    <property name="idea.version2019.3.5" value="true"/>
    <property name="os.version" value="5.3.0-55-generic"/>
    <property name="user.home" value="/home/ignacy"/>
    <property name="user.timezone" value="Europe/Warsaw"/>
    <property name="java.awt.printerjob" value="sun.print.PSPrinterJob"/>
    <property name="file.encoding" value="UTF-8"/>
    <property name="java.specification.version" value="11"/>
    <property name="user.name" value="ignacy"/>
    <property name="java.class.path" value="/home/ignacy/Downloads/idea-IU-193.6911.18/plugins/maven/lib/maven3/boot/plexus-classworlds-2.6.0.jar"/>
    <property name="java.vm.specification.version" value="11"/>
    <property name="sun.arch.data.model" value="64"/>
    <property name="sun.java.command" value="org.codehaus.classworlds.Launcher -Didea.version2019.3.5 org.apache.maven.plugins:maven-assembly-plugin:2.2-beta-5:assembly"/>
    <property name="java.home" value="/home/ignacy/Downloads/idea-IU-193.6911.18/jbr"/>
    <property name="user.language" value="en"/>
    <property name="java.specification.vendor" value="Oracle Corporation"/>
    <property name="awt.toolkit" value="sun.awt.X11.XToolkit"/>
    <property name="java.vm.info" value="mixed mode"/>
    <property name="java.version" value="11.0.6"/>
    <property name="securerandom.source" value="file:/dev/./urandom"/>
    <property name="java.vendor" value="JetBrains s.r.o"/>
    <property name="maven.home" value="/home/ignacy/Downloads/idea-IU-193.6911.18/plugins/maven/lib/maven3"/>
    <property name="file.separator" value="/"/>
    <property name="java.version.date" value="2020-01-14"/>
    <property name="java.vendor.url.bug" value="https://youtrack.jetbrains.com"/>
    <property name="sun.io.unicode.encoding" value="UnicodeLittle"/>
    <property name="sun.cpu.endian" value="little"/>
    <property name="sun.cpu.isalist" value=""/>
  </properties>
  <testcase classname="model.db.DbTest" name="insertAndPullSingle4x4Solve" time="0.467"/>
  <testcase classname="model.db.DbTest" name="insertAndPullSingle2x2Solve" time="0.03"/>
  <testcase classname="model.db.DbTest" name="deleteTwoByTwoTest" time="0.013"/>
  <testcase classname="model.db.DbTest" name="clearsTable" time="0.011"/>
  <testcase classname="model.db.DbTest" name="updateLast" time="0.022"/>
  <testcase classname="model.db.DbTest" name="increasesId" time="0.013"/>
  <testcase classname="model.db.DbTest" name="deleteFromEmpty" time="0.006"/>
  <testcase classname="model.db.DbTest" name="initiateDb" time="0.002"/>
  <testcase classname="model.db.DbTest" name="insertAndPullSingle3x3Solve" time="0.01"/>
  <testcase classname="model.db.DbTest" name="deleteFourByFourTest" time="0.01"/>
  <testcase classname="model.db.DbTest" name="dealsWithEmptyComment" time="0.009"/>
  <testcase classname="model.db.DbTest" name="deleteThreeByThreeTest" time="0.01"/>
</testsuite>